<?xml version="1.0" encoding="UTF-8"?>
<!-- Generated by org.testng.reporters.JUnitXMLReporter -->
<testsuite hostname="azahar-PC" ignored="9" name="SampleCode" tests="9" failures="0" timestamp="11 Mar 2019 08:46:44 GMT" time="0.205" errors="0">
  <testcase name="solveConvertAddress_10Success" time="0.073" classname="com.friday.qa.automat.TypicalTestCases"/>
  <testcase name="solveConvertAddress_10Success" time="0.002" classname="com.friday.qa.automat.TypicalTestCases"/>
  <testcase name="solveConvertAddress_10Success" time="0.006" classname="com.friday.qa.automat.TypicalTestCases"/>
  <testcase name="solveConvertAddress_10Success" time="0.001" classname="com.friday.qa.automat.TypicalTestCases"/>
  <testcase name="solveConvertAddress_10Success" time="0.009" classname="com.friday.qa.automat.TypicalTestCases"/>
  <testcase name="solveConvertAddress_10Success" time="0.001" classname="com.friday.qa.automat.TypicalTestCases"/>
  <testcase name="solveConvertAddress_10Success" time="0.001" classname="com.friday.qa.automat.TypicalTestCases"/>
  <testcase name="solveConvertAddress_10Success" time="0.004" classname="com.friday.qa.automat.TypicalTestCases"/>
  <testcase name="solveConvertAddress_10Success" time="0.001" classname="com.friday.qa.automat.TypicalTestCases"/>
  <testcase name="solveConvertAddress_5Success" time="0.0" classname="com.friday.qa.automat.TypicalTestCases">
    <ignored/>
  </testcase> <!-- solveConvertAddress_5Success -->
  <testcase name="solveConvertAddress_3Success" time="0.0" classname="com.friday.qa.automat.TypicalTestCases">
    <ignored/>
  </testcase> <!-- solveConvertAddress_3Success -->
  <testcase name="solveConvertAddress_1Success" time="0.0" classname="com.friday.qa.automat.TypicalTestCases">
    <ignored/>
  </testcase> <!-- solveConvertAddress_1Success -->
  <testcase name="solveConvertAddress_9Success" time="0.0" classname="com.friday.qa.automat.TypicalTestCases">
    <ignored/>
  </testcase> <!-- solveConvertAddress_9Success -->
  <testcase name="solveConvertAddress_6Success" time="0.0" classname="com.friday.qa.automat.TypicalTestCases">
    <ignored/>
  </testcase> <!-- solveConvertAddress_6Success -->
  <testcase name="solveConvertAddress_8Success" time="0.0" classname="com.friday.qa.automat.TypicalTestCases">
    <ignored/>
  </testcase> <!-- solveConvertAddress_8Success -->
  <testcase name="solveConvertAddress_2Success" time="0.0" classname="com.friday.qa.automat.TypicalTestCases">
    <ignored/>
  </testcase> <!-- solveConvertAddress_2Success -->
  <testcase name="solveConvertAddress_4Success" time="0.0" classname="com.friday.qa.automat.TypicalTestCases">
    <ignored/>
  </testcase> <!-- solveConvertAddress_4Success -->
  <testcase name="solveConvertAddress_7Success" time="0.0" classname="com.friday.qa.automat.TypicalTestCases">
    <ignored/>
  </testcase> <!-- solveConvertAddress_7Success -->
</testsuite> <!-- SampleCode -->
