<?xml version="1.0" encoding="UTF-8"?>
<!-- Generated by org.testng.reporters.JUnitXMLReporter -->
<testsuite hostname="azahar-PC" ignored="9" name="ConvertAddress" tests="9" failures="0" timestamp="10 Mar 2019 10:57:12 GMT" time="0.171" errors="0">
  <testcase name="solveChangeAddress_10Success" time="0.077" classname="com.friday.qa.automat.TypicalTestCases"/>
  <testcase name="solveChangeAddress_10Success" time="0.001" classname="com.friday.qa.automat.TypicalTestCases"/>
  <testcase name="solveChangeAddress_10Success" time="0.001" classname="com.friday.qa.automat.TypicalTestCases"/>
  <testcase name="solveChangeAddress_10Success" time="0.001" classname="com.friday.qa.automat.TypicalTestCases"/>
  <testcase name="solveChangeAddress_10Success" time="0.0" classname="com.friday.qa.automat.TypicalTestCases"/>
  <testcase name="solveChangeAddress_10Success" time="0.001" classname="com.friday.qa.automat.TypicalTestCases"/>
  <testcase name="solveChangeAddress_10Success" time="0.001" classname="com.friday.qa.automat.TypicalTestCases"/>
  <testcase name="solveChangeAddress_10Success" time="0.001" classname="com.friday.qa.automat.TypicalTestCases"/>
  <testcase name="solveChangeAddress_10Success" time="0.001" classname="com.friday.qa.automat.TypicalTestCases"/>
  <testcase name="solveChangeAddress_8Success" time="0.0" classname="com.friday.qa.automat.TypicalTestCases">
    <ignored/>
  </testcase> <!-- solveChangeAddress_8Success -->
  <testcase name="solveChangeAddress_6Success" time="0.0" classname="com.friday.qa.automat.TypicalTestCases">
    <ignored/>
  </testcase> <!-- solveChangeAddress_6Success -->
  <testcase name="solveChangeAddress_2Success" time="0.0" classname="com.friday.qa.automat.TypicalTestCases">
    <ignored/>
  </testcase> <!-- solveChangeAddress_2Success -->
  <testcase name="solveChangeAddress_4Success" time="0.0" classname="com.friday.qa.automat.TypicalTestCases">
    <ignored/>
  </testcase> <!-- solveChangeAddress_4Success -->
  <testcase name="solveChangeAddress_3Success" time="0.0" classname="com.friday.qa.automat.TypicalTestCases">
    <ignored/>
  </testcase> <!-- solveChangeAddress_3Success -->
  <testcase name="solveChangeAddress_7Success" time="0.0" classname="com.friday.qa.automat.TypicalTestCases">
    <ignored/>
  </testcase> <!-- solveChangeAddress_7Success -->
  <testcase name="solveChangeAddress_9Success" time="0.0" classname="com.friday.qa.automat.TypicalTestCases">
    <ignored/>
  </testcase> <!-- solveChangeAddress_9Success -->
  <testcase name="solveChangeAddress_1Success" time="0.0" classname="com.friday.qa.automat.TypicalTestCases">
    <ignored/>
  </testcase> <!-- solveChangeAddress_1Success -->
  <testcase name="solveChangeAddress_5Success" time="0.0" classname="com.friday.qa.automat.TypicalTestCases">
    <ignored/>
  </testcase> <!-- solveChangeAddress_5Success -->
</testsuite> <!-- ConvertAddress -->
